Flow report for usimplez
Wed Nov 09 01:53:40 2011
Quartus II Version 9.1 Build 350 03/24/2010 Service Pack 2 SJ Web Edition


---------------------
; Table of Contents ;
---------------------
  1. Legal Notice
  2. Flow Summary
  3. Flow Settings
  4. Flow Non-Default Global Settings
  5. Flow Elapsed Time
  6. Flow OS Summary
  7. Flow Log



----------------
; Legal Notice ;
----------------
Copyright (C) 1991-2010 Altera Corporation
Your use of Altera Corporation's design tools, logic functions 
and other software and tools, and its AMPP partner logic 
functions, and any output files from any of the foregoing 
(including device programming or simulation files), and any 
associated documentation or information are expressly subject 
to the terms and conditions of the Altera Program License 
Subscription Agreement, Altera MegaCore Function License 
Agreement, or other applicable license agreement, including, 
without limitation, that your use is for the sole purpose of 
programming logic devices manufactured by Altera and sold by 
Altera or its authorized distributors.  Please refer to the 
applicable agreement for further details.



+------------------------------------------------------------------------------+
; Flow Summary                                                                 ;
+-------------------------------+----------------------------------------------+
; Flow Status                   ; Successful - Wed Nov 09 01:53:40 2011        ;
; Quartus II Version            ; 9.1 Build 350 03/24/2010 SP 2 SJ Web Edition ;
; Revision Name                 ; usimplez                                     ;
; Top-level Entity Name         ; usimplez_top                                 ;
; Family                        ; Stratix II                                   ;
; Met timing requirements       ; Yes                                          ;
; Logic utilization             ; < 1 %                                        ;
;     Combinational ALUTs       ; 48 / 12,480 ( < 1 % )                        ;
;     Dedicated logic registers ; 63 / 12,480 ( < 1 % )                        ;
; Total registers               ; 63                                           ;
; Total pins                    ; 7 / 343 ( 2 % )                              ;
; Total virtual pins            ; 0                                            ;
; Total block memory bits       ; 6,144 / 419,328 ( 1 % )                      ;
; DSP block 9-bit elements      ; 0 / 96 ( 0 % )                               ;
; Total PLLs                    ; 0 / 6 ( 0 % )                                ;
; Total DLLs                    ; 0 / 2 ( 0 % )                                ;
; Device                        ; EP2S15F484C3                                 ;
; Timing Models                 ; Final                                        ;
+-------------------------------+----------------------------------------------+


+-----------------------------------------+
; Flow Settings                           ;
+-------------------+---------------------+
; Option            ; Setting             ;
+-------------------+---------------------+
; Start date & time ; 11/09/2011 01:44:44 ;
; Main task         ; Compilation         ;
; Revision Name     ; usimplez            ;
+-------------------+---------------------+


+---------------------------------------------------------------------------------------------------------------------+
; Flow Non-Default Global Settings                                                                                    ;
+------------------------------------+--------------------------------+---------------+--------------+----------------+
; Assignment Name                    ; Value                          ; Default Value ; Entity Name  ; Section Id     ;
+------------------------------------+--------------------------------+---------------+--------------+----------------+
; COMPILER_SIGNATURE_ID              ; 13608450046966.132081388303004 ; --            ; --           ; --             ;
; PARTITION_COLOR                    ; 16764057                       ; --            ; usimplez_top ; Top            ;
; PARTITION_NETLIST_TYPE             ; SOURCE                         ; --            ; usimplez_top ; Top            ;
; TOP_LEVEL_ENTITY                   ; usimplez_top                   ; usimplez      ; --           ; --             ;
; USE_GENERATED_PHYSICAL_CONSTRAINTS ; Off                            ; --            ; --           ; eda_blast_fpga ;
+------------------------------------+--------------------------------+---------------+--------------+----------------+


+-----------------------------------------------------------------------------------------------------------------------------+
; Flow Elapsed Time                                                                                                           ;
+-------------------------+--------------+-------------------------+---------------------+------------------------------------+
; Module Name             ; Elapsed Time ; Average Processors Used ; Peak Virtual Memory ; Total CPU Time (on all processors) ;
+-------------------------+--------------+-------------------------+---------------------+------------------------------------+
; Analysis & Synthesis    ; 00:00:17     ; 1.0                     ; 195 MB              ; 00:00:12                           ;
; Fitter                  ; 00:00:32     ; 1.0                     ; 236 MB              ; 00:00:27                           ;
; Classic Timing Analyzer ; 00:00:08     ; 1.0                     ; 155 MB              ; 00:00:08                           ;
; Total                   ; 00:00:57     ; --                      ; --                  ; 00:00:47                           ;
+-------------------------+--------------+-------------------------+---------------------+------------------------------------+


+---------------------------------------------------------------------------------------+
; Flow OS Summary                                                                       ;
+-------------------------+------------------+------------+------------+----------------+
; Module Name             ; Machine Hostname ; OS Name    ; OS Version ; Processor type ;
+-------------------------+------------------+------------+------------+----------------+
; Analysis & Synthesis    ; LAPTOP           ; Windows XP ; 5.1        ; i686           ;
; Fitter                  ; LAPTOP           ; Windows XP ; 5.1        ; i686           ;
; Classic Timing Analyzer ; LAPTOP           ; Windows XP ; 5.1        ; i686           ;
+-------------------------+------------------+------------+------------+----------------+


------------
; Flow Log ;
------------
quartus_map --read_settings_files=on --write_settings_files=off usimplez -c usimplez
quartus_fit --read_settings_files=on --write_settings_files=off usimplez -c usimplez
quartus_tan --read_settings_files=on --write_settings_files=off usimplez -c usimplez



